<?xml version="1.0" encoding="UTF-8"?>
<!-- Generated by org.testng.reporters.JUnitXMLReporter -->
<testsuite ignored="6" hostname="DESKTOP-1KNPEGC" failures="2" tests="5" name="PositiveTests" time="0.085" errors="0" timestamp="2025-11-02T21:02:16 GMT+05:00">
  <testcase classname="org.example.MainTest" name="testCalculateFutureValue" time="0.016"/>
  <testcase classname="org.example.MainTest" name="testDepositPositiveAmount" time="0.015">
    <failure type="java.lang.AssertionError" message="expected [50.0] but found [100.0]">
      <![CDATA[java.lang.AssertionError: expected [50.0] but found [100.0]
at org.example.MainTest.testDepositPositiveAmount(MainTest.java:11)
at java.base/java.util.ArrayList.forEach(ArrayList.java:1597)
... Removed 33 stack frames]]>
    </failure>
  </testcase> <!-- testDepositPositiveAmount -->
  <testcase classname="org.example.MainTest" name="testGetBalance" time="0.0"/>
  <testcase classname="org.example.MainTest" name="testGetHistory" time="0.003"/>
  <testcase classname="org.example.MainTest" name="testWithdrawSufficientFunds" time="0.0">
    <failure type="java.lang.AssertionError" message="expected [300.0] but found [150.0]">
      <![CDATA[java.lang.AssertionError: expected [300.0] but found [150.0]
at org.example.MainTest.testWithdrawSufficientFunds(MainTest.java:19)
at java.base/java.util.ArrayList.forEach(ArrayList.java:1597)
... Removed 33 stack frames]]>
    </failure>
  </testcase> <!-- testWithdrawSufficientFunds -->
  <testcase classname="org.example.MainTest" name="testDepositWithDataProvider" time="0.0">
    <ignored/>
  </testcase> <!-- testDepositWithDataProvider -->
  <testcase classname="org.example.MainTest" name="testWithdrawZeroAmount" time="0.0">
    <ignored/>
  </testcase> <!-- testWithdrawZeroAmount -->
  <testcase classname="org.example.MainTest" name="testDepositWithException" time="0.0">
    <ignored/>
  </testcase> <!-- testDepositWithException -->
  <testcase classname="org.example.MainTest" name="testWithdrawInsufficientFunds" time="0.0">
    <ignored/>
  </testcase> <!-- testWithdrawInsufficientFunds -->
  <testcase classname="org.example.MainTest" name="testDepositNegativeAmount" time="0.0">
    <ignored/>
  </testcase> <!-- testDepositNegativeAmount -->
  <testcase classname="org.example.MainTest" name="testWithdrawWithException" time="0.0">
    <ignored/>
  </testcase> <!-- testWithdrawWithException -->
</testsuite> <!-- PositiveTests -->
