<?xml version="1.0" encoding="UTF-8"?>
<!-- Generated by org.testng.reporters.JUnitXMLReporter -->
<testsuite ignored="4" hostname="DESKTOP-1KNPEGC" failures="4" tests="4" name="PositiveTests" time="0.079" errors="0" timestamp="2025-12-22T16:17:17 GMT+05:00">
  <testcase classname="org.example.ChromeTest" name="testCascadeFiltersWithRatingAndReset" time="0.027">
    <failure type="java.lang.NullPointerException" message="Cannot invoke &amp;quot;org.openqa.selenium.WebDriver.findElement(org.openqa.selenium.By)&amp;quot; because &amp;quot;driver&amp;quot; is null">
      <![CDATA[java.lang.NullPointerException: Cannot invoke "org.openqa.selenium.WebDriver.findElement(org.openqa.selenium.By)" because "driver" is null
at org.openqa.selenium.support.ui.ExpectedConditions$7.apply(ExpectedConditions.java:194)
at org.openqa.selenium.support.ui.ExpectedConditions$7.apply(ExpectedConditions.java:190)
at org.openqa.selenium.support.ui.ExpectedConditions$22.apply(ExpectedConditions.java:627)
at org.openqa.selenium.support.ui.ExpectedConditions$22.apply(ExpectedConditions.java:624)
at org.openqa.selenium.support.ui.FluentWait.until(FluentWait.java:203)
at org.example.HomePage.enterSearchItem(HomePage.java:22)
at org.example.HomePage.searchForItem(HomePage.java:36)
at org.example.ChromeTest.testCascadeFiltersWithRatingAndReset(ChromeTest.java:44)
at java.base/java.util.ArrayList.forEach(ArrayList.java:1597)
... Removed 29 stack frames]]>
    </failure>
  </testcase> <!-- testCascadeFiltersWithRatingAndReset -->
  <testcase classname="org.example.ChromeTest" name="testResetFilters" time="0.001">
    <failure type="java.lang.NullPointerException" message="Cannot invoke &amp;quot;org.openqa.selenium.WebDriver.findElement(org.openqa.selenium.By)&amp;quot; because &amp;quot;driver&amp;quot; is null">
      <![CDATA[java.lang.NullPointerException: Cannot invoke "org.openqa.selenium.WebDriver.findElement(org.openqa.selenium.By)" because "driver" is null
at org.openqa.selenium.support.ui.ExpectedConditions$7.apply(ExpectedConditions.java:194)
at org.openqa.selenium.support.ui.ExpectedConditions$7.apply(ExpectedConditions.java:190)
at org.openqa.selenium.support.ui.ExpectedConditions$22.apply(ExpectedConditions.java:627)
at org.openqa.selenium.support.ui.ExpectedConditions$22.apply(ExpectedConditions.java:624)
at org.openqa.selenium.support.ui.FluentWait.until(FluentWait.java:203)
at org.example.HomePage.enterSearchItem(HomePage.java:22)
at org.example.HomePage.searchForItem(HomePage.java:36)
at org.example.ChromeTest.testResetFilters(ChromeTest.java:68)
at java.base/java.util.ArrayList.forEach(ArrayList.java:1597)
... Removed 29 stack frames]]>
    </failure>
  </testcase> <!-- testResetFilters -->
  <testcase classname="org.example.ChromeTest" name="testSearchWithCategoryFilter" time="0.0">
    <failure type="java.lang.NullPointerException" message="Cannot invoke &amp;quot;org.openqa.selenium.WebDriver.findElement(org.openqa.selenium.By)&amp;quot; because &amp;quot;driver&amp;quot; is null">
      <![CDATA[java.lang.NullPointerException: Cannot invoke "org.openqa.selenium.WebDriver.findElement(org.openqa.selenium.By)" because "driver" is null
at org.openqa.selenium.support.ui.ExpectedConditions$7.apply(ExpectedConditions.java:194)
at org.openqa.selenium.support.ui.ExpectedConditions$7.apply(ExpectedConditions.java:190)
at org.openqa.selenium.support.ui.ExpectedConditions$22.apply(ExpectedConditions.java:627)
at org.openqa.selenium.support.ui.ExpectedConditions$22.apply(ExpectedConditions.java:624)
at org.openqa.selenium.support.ui.FluentWait.until(FluentWait.java:203)
at org.example.HomePage.enterSearchItem(HomePage.java:22)
at org.example.HomePage.searchForItem(HomePage.java:36)
at org.example.ChromeTest.testSearchWithCategoryFilter(ChromeTest.java:34)
at java.base/java.util.ArrayList.forEach(ArrayList.java:1597)
... Removed 29 stack frames]]>
    </failure>
  </testcase> <!-- testSearchWithCategoryFilter -->
  <testcase classname="org.example.ChromeTest" name="testSuccessfulSearch" time="0.0">
    <failure type="java.lang.NullPointerException" message="Cannot invoke &amp;quot;org.openqa.selenium.WebDriver.findElement(org.openqa.selenium.By)&amp;quot; because &amp;quot;driver&amp;quot; is null">
      <![CDATA[java.lang.NullPointerException: Cannot invoke "org.openqa.selenium.WebDriver.findElement(org.openqa.selenium.By)" because "driver" is null
at org.openqa.selenium.support.ui.ExpectedConditions$7.apply(ExpectedConditions.java:194)
at org.openqa.selenium.support.ui.ExpectedConditions$7.apply(ExpectedConditions.java:190)
at org.openqa.selenium.support.ui.ExpectedConditions$22.apply(ExpectedConditions.java:627)
at org.openqa.selenium.support.ui.ExpectedConditions$22.apply(ExpectedConditions.java:624)
at org.openqa.selenium.support.ui.FluentWait.until(FluentWait.java:203)
at org.example.HomePage.enterSearchItem(HomePage.java:22)
at org.example.HomePage.searchForItem(HomePage.java:36)
at org.example.ChromeTest.testSuccessfulSearch(ChromeTest.java:25)
at java.base/java.util.ArrayList.forEach(ArrayList.java:1597)
... Removed 29 stack frames]]>
    </failure>
  </testcase> <!-- testSuccessfulSearch -->
  <testcase classname="org.example.ChromeTest" name="testLoginWithNonExistentEmail" time="0.0">
    <ignored/>
  </testcase> <!-- testLoginWithNonExistentEmail -->
  <testcase classname="org.example.ChromeTest" name="testLoginWithWrongPassword" time="0.0">
    <ignored/>
  </testcase> <!-- testLoginWithWrongPassword -->
  <testcase classname="org.example.ChromeTest" name="testEmptySearch" time="0.0">
    <ignored/>
  </testcase> <!-- testEmptySearch -->
  <testcase classname="org.example.ChromeTest" name="testSearchWithOnlySpaces" time="0.0">
    <ignored/>
  </testcase> <!-- testSearchWithOnlySpaces -->
</testsuite> <!-- PositiveTests -->
