<?xml version="1.0" encoding="UTF-8"?>
<!-- Generated by org.testng.reporters.JUnitXMLReporter -->
<testsuite ignored="6" hostname="DESKTOP-1KNPEGC" failures="0" tests="5" name="ExceptionAndNegativeTests" time="0.063" errors="0" timestamp="2025-11-02T20:43:18 GMT+05:00">
  <testcase classname="org.example.MainTest" name="testDepositNegativeAmount" time="0.0"/>
  <testcase classname="org.example.MainTest" name="testDepositWithException" time="0.0"/>
  <testcase classname="org.example.MainTest" name="testWithdrawInsufficientFunds" time="0.016"/>
  <testcase classname="org.example.MainTest" name="testWithdrawWithException" time="0.0"/>
  <testcase classname="org.example.MainTest" name="testWithdrawZeroAmount" time="0.0"/>
  <testcase classname="org.example.MainTest" name="testDepositWithDataProvider" time="0.0">
    <ignored/>
  </testcase> <!-- testDepositWithDataProvider -->
  <testcase classname="org.example.MainTest" name="testWithdrawSufficientFunds" time="0.0">
    <ignored/>
  </testcase> <!-- testWithdrawSufficientFunds -->
  <testcase classname="org.example.MainTest" name="testCalculateFutureValue" time="0.0">
    <ignored/>
  </testcase> <!-- testCalculateFutureValue -->
  <testcase classname="org.example.MainTest" name="testDepositPositiveAmount" time="0.0">
    <ignored/>
  </testcase> <!-- testDepositPositiveAmount -->
  <testcase classname="org.example.MainTest" name="testGetHistory" time="0.0">
    <ignored/>
  </testcase> <!-- testGetHistory -->
  <testcase classname="org.example.MainTest" name="testGetBalance" time="0.0">
    <ignored/>
  </testcase> <!-- testGetBalance -->
</testsuite> <!-- ExceptionAndNegativeTests -->
