<!DOCTYPE html PUBLIC "-//W3C//DTD XHTML 1.1//EN" "https://www.w3.org/TR/xhtml11/DTD/xhtml11.dtd">
<html xmlns="https://www.w3.org/1999/xhtml">
<head>
<meta http-equiv="content-type" content="text/html; charset=UTF-8"/>
<title>TestNG Report</title>
<style type="text/css">table {margin-bottom:10px;border-collapse:collapse;empty-cells:show}th,td {border:1px solid #009;padding:.25em .5em}th {vertical-align:bottom}td {vertical-align:top}table a {font-weight:bold}.stripe td {background-color: #E6EBF9}.num {text-align:right}.passedodd td {background-color: #3F3}.passedeven td {background-color: #0A0}.skippedodd td {background-color: #DDD}.skippedeven td {background-color: #CCC}.failedodd td,.attn {background-color: #F33}.failedeven td,.stripe .attn {background-color: #D00}.stacktrace {white-space:pre;font-family:monospace}.totop {font-size:85%;text-align:center;border-bottom:2px solid #000}.invisible {display:none}</style>
</head>
<body>
<table>
<tr><th>Test</th><th># Passed</th><th># Skipped</th><th># Retried</th><th># Failed</th><th>Time (ms)</th><th>Included Groups</th><th>Excluded Groups</th></tr>
<tr><th colspan="8">PositiveTestsSuite</th></tr>
<tr><td><a href="#t0">PositiveTests</a></td><td class="num">3</td><td class="num">0</td><td class="num">0</td><td class="num attn">2</td><td class="num">85</td><td>positive</td><td></td></tr>
</table>
<table id='summary'><thead><tr><th>Class</th><th>Method</th><th>Start</th><th>Time (ms)</th></tr></thead><tbody><tr><th colspan="4">PositiveTestsSuite</th></tr></tbody><tbody id="t0"><tr><th colspan="4">PositiveTests &#8212; failed</th></tr><tr class="failedeven"><td rowspan="2">org.example.MainTest</td><td><a href="#m0">testDepositPositiveAmount</a></td><td rowspan="1">1762099336738</td><td rowspan="1">15</td></tr><tr class="failedeven"><td><a href="#m1">testWithdrawSufficientFunds</a></td><td rowspan="1">1762099336772</td><td rowspan="1">0</td></tr><tr><th colspan="4">PositiveTests &#8212; passed</th></tr><tr class="passedeven"><td rowspan="3">org.example.MainTest</td><td><a href="#m2">testCalculateFutureValue</a></td><td rowspan="1">1762099336722</td><td rowspan="1">16</td></tr><tr class="passedeven"><td><a href="#m3">testGetBalance</a></td><td rowspan="1">1762099336769</td><td rowspan="1">0</td></tr><tr class="passedeven"><td><a href="#m4">testGetHistory</a></td><td rowspan="1">1762099336769</td><td rowspan="1">3</td></tr></tbody>
</table>
<h2>PositiveTests</h2><h3 id="m0">org.example.MainTest#testDepositPositiveAmount</h3><table class="result"><tr><th>Exception</th></tr><tr><td><div class="stacktrace">java.lang.AssertionError: expected [50.0] but found [100.0]
	at org.example.MainTest.testDepositPositiveAmount(MainTest.java:11)
	at java.base/java.util.ArrayList.forEach(ArrayList.java:1597)
... Removed 33 stack frames</div></td></tr></table><p class="totop"><a href="#summary">back to summary</a></p>
<h3 id="m1">org.example.MainTest#testWithdrawSufficientFunds</h3><table class="result"><tr><th>Exception</th></tr><tr><td><div class="stacktrace">java.lang.AssertionError: expected [300.0] but found [150.0]
	at org.example.MainTest.testWithdrawSufficientFunds(MainTest.java:19)
	at java.base/java.util.ArrayList.forEach(ArrayList.java:1597)
... Removed 33 stack frames</div></td></tr></table><p class="totop"><a href="#summary">back to summary</a></p>
<h3 id="m2">org.example.MainTest#testCalculateFutureValue</h3><table class="result"><tr><th class="invisible"/></tr></table><p class="totop"><a href="#summary">back to summary</a></p>
<h3 id="m3">org.example.MainTest#testGetBalance</h3><table class="result"><tr><th class="invisible"/></tr></table><p class="totop"><a href="#summary">back to summary</a></p>
<h3 id="m4">org.example.MainTest#testGetHistory</h3><table class="result"><tr><th class="invisible"/></tr></table><p class="totop"><a href="#summary">back to summary</a></p>
</body>
</html>
