<?xml version="1.0" encoding="UTF-8"?>
<testng-results ignored="6" total="11" passed="3" failed="2" skipped="0">
  <reporter-output>
  </reporter-output>
  <suite started-at="2025-11-02T21:02:16 GMT+05:00" name="PositiveTestsSuite" finished-at="2025-11-02T21:02:16 GMT+05:00" duration-ms="85">
    <groups>
      <group name="calculation">
        <method signature="MainTest.testCalculateFutureValue()[pri:0, instance:org.example.MainTest@36bc55de]" name="testCalculateFutureValue" class="org.example.MainTest"/>
      </group> <!-- calculation -->
      <group name="balance">
        <method signature="MainTest.testGetBalance()[pri:0, instance:org.example.MainTest@36bc55de]" name="testGetBalance" class="org.example.MainTest"/>
      </group> <!-- balance -->
      <group name="deposit">
        <method signature="MainTest.testDepositPositiveAmount()[pri:0, instance:org.example.MainTest@36bc55de]" name="testDepositPositiveAmount" class="org.example.MainTest"/>
      </group> <!-- deposit -->
      <group name="history">
        <method signature="MainTest.testGetHistory()[pri:0, instance:org.example.MainTest@36bc55de]" name="testGetHistory" class="org.example.MainTest"/>
      </group> <!-- history -->
      <group name="positive">
        <method signature="MainTest.testCalculateFutureValue()[pri:0, instance:org.example.MainTest@36bc55de]" name="testCalculateFutureValue" class="org.example.MainTest"/>
        <method signature="MainTest.testDepositPositiveAmount()[pri:0, instance:org.example.MainTest@36bc55de]" name="testDepositPositiveAmount" class="org.example.MainTest"/>
        <method signature="MainTest.testGetBalance()[pri:0, instance:org.example.MainTest@36bc55de]" name="testGetBalance" class="org.example.MainTest"/>
        <method signature="MainTest.testGetHistory()[pri:0, instance:org.example.MainTest@36bc55de]" name="testGetHistory" class="org.example.MainTest"/>
        <method signature="MainTest.testWithdrawSufficientFunds()[pri:0, instance:org.example.MainTest@36bc55de]" name="testWithdrawSufficientFunds" class="org.example.MainTest"/>
      </group> <!-- positive -->
      <group name="withdraw">
        <method signature="MainTest.testWithdrawSufficientFunds()[pri:0, instance:org.example.MainTest@36bc55de]" name="testWithdrawSufficientFunds" class="org.example.MainTest"/>
      </group> <!-- withdraw -->
    </groups>
    <test started-at="2025-11-02T21:02:16 GMT+05:00" name="PositiveTests" finished-at="2025-11-02T21:02:16 GMT+05:00" duration-ms="85">
      <class name="org.example.MainTest">
        <test-method signature="testCalculateFutureValue()[pri:0, instance:org.example.MainTest@36bc55de]" started-at="2025-11-02T21:02:16 GMT+05:00" name="testCalculateFutureValue" finished-at="2025-11-02T21:02:16 GMT+05:00" duration-ms="16" status="PASS">
          <reporter-output>
          </reporter-output>
        </test-method> <!-- testCalculateFutureValue -->
        <test-method signature="testDepositPositiveAmount()[pri:0, instance:org.example.MainTest@36bc55de]" started-at="2025-11-02T21:02:16 GMT+05:00" name="testDepositPositiveAmount" finished-at="2025-11-02T21:02:16 GMT+05:00" duration-ms="15" status="FAIL">
          <exception class="java.lang.AssertionError">
            <message>
              <![CDATA[expected [50.0] but found [100.0]]]>
            </message>
            <full-stacktrace>
              <![CDATA[java.lang.AssertionError: expected [50.0] but found [100.0]
at org.testng.Assert.fail(Assert.java:111)
at org.testng.Assert.failNotEquals(Assert.java:1590)
at org.testng.Assert.assertEquals(Assert.java:698)
at org.testng.Assert.assertEquals(Assert.java:711)
at org.example.MainTest.testDepositPositiveAmount(MainTest.java:11)
at java.base/jdk.internal.reflect.DirectMethodHandleAccessor.invoke(DirectMethodHandleAccessor.java:103)
at java.base/java.lang.reflect.Method.invoke(Method.java:580)
at org.testng.internal.invokers.MethodInvocationHelper.invokeMethod(MethodInvocationHelper.java:141)
at org.testng.internal.invokers.TestInvoker.invokeMethod(TestInvoker.java:687)
at org.testng.internal.invokers.TestInvoker.invokeTestMethod(TestInvoker.java:230)
at org.testng.internal.invokers.MethodRunner.runInSequence(MethodRunner.java:63)
at org.testng.internal.invokers.TestInvoker$MethodInvocationAgent.invoke(TestInvoker.java:995)
at org.testng.internal.invokers.TestInvoker.invokeTestMethods(TestInvoker.java:203)
at org.testng.internal.invokers.TestMethodWorker.invokeTestMethods(TestMethodWorker.java:154)
at org.testng.internal.invokers.TestMethodWorker.run(TestMethodWorker.java:134)
at java.base/java.util.ArrayList.forEach(ArrayList.java:1597)
at org.testng.TestRunner.privateRun(TestRunner.java:741)
at org.testng.TestRunner.run(TestRunner.java:616)
at org.testng.SuiteRunner.runTest(SuiteRunner.java:421)
at org.testng.SuiteRunner.runSequentially(SuiteRunner.java:413)
at org.testng.SuiteRunner.privateRun(SuiteRunner.java:373)
at org.testng.SuiteRunner.run(SuiteRunner.java:312)
at org.testng.SuiteRunnerWorker.runSuite(SuiteRunnerWorker.java:52)
at org.testng.SuiteRunnerWorker.run(SuiteRunnerWorker.java:95)
at org.testng.TestNG.runSuitesSequentially(TestNG.java:1274)
at org.testng.TestNG.runSuitesLocally(TestNG.java:1208)
at org.testng.TestNG.runSuites(TestNG.java:1112)
at org.testng.TestNG.run(TestNG.java:1079)
at org.apache.maven.surefire.testng.TestNGExecutor.run(TestNGExecutor.java:308)
at org.apache.maven.surefire.testng.TestNGXmlTestSuite.execute(TestNGXmlTestSuite.java:71)
at org.apache.maven.surefire.testng.TestNGProvider.invoke(TestNGProvider.java:113)
at org.apache.maven.surefire.booter.ForkedBooter.runSuitesInProcess(ForkedBooter.java:385)
at org.apache.maven.surefire.booter.ForkedBooter.execute(ForkedBooter.java:162)
at org.apache.maven.surefire.booter.ForkedBooter.run(ForkedBooter.java:507)
at org.apache.maven.surefire.booter.ForkedBooter.main(ForkedBooter.java:495)
]]>
            </full-stacktrace>
          </exception> <!-- java.lang.AssertionError -->
          <reporter-output>
          </reporter-output>
        </test-method> <!-- testDepositPositiveAmount -->
        <test-method signature="testGetBalance()[pri:0, instance:org.example.MainTest@36bc55de]" started-at="2025-11-02T21:02:16 GMT+05:00" name="testGetBalance" finished-at="2025-11-02T21:02:16 GMT+05:00" duration-ms="0" status="PASS">
          <reporter-output>
          </reporter-output>
        </test-method> <!-- testGetBalance -->
        <test-method signature="testGetHistory()[pri:0, instance:org.example.MainTest@36bc55de]" started-at="2025-11-02T21:02:16 GMT+05:00" name="testGetHistory" finished-at="2025-11-02T21:02:16 GMT+05:00" duration-ms="3" status="PASS">
          <reporter-output>
          </reporter-output>
        </test-method> <!-- testGetHistory -->
        <test-method signature="testWithdrawSufficientFunds()[pri:0, instance:org.example.MainTest@36bc55de]" started-at="2025-11-02T21:02:16 GMT+05:00" name="testWithdrawSufficientFunds" finished-at="2025-11-02T21:02:16 GMT+05:00" duration-ms="0" status="FAIL">
          <exception class="java.lang.AssertionError">
            <message>
              <![CDATA[expected [300.0] but found [150.0]]]>
            </message>
            <full-stacktrace>
              <![CDATA[java.lang.AssertionError: expected [300.0] but found [150.0]
at org.testng.Assert.fail(Assert.java:111)
at org.testng.Assert.failNotEquals(Assert.java:1590)
at org.testng.Assert.assertEquals(Assert.java:698)
at org.testng.Assert.assertEquals(Assert.java:711)
at org.example.MainTest.testWithdrawSufficientFunds(MainTest.java:19)
at java.base/jdk.internal.reflect.DirectMethodHandleAccessor.invoke(DirectMethodHandleAccessor.java:103)
at java.base/java.lang.reflect.Method.invoke(Method.java:580)
at org.testng.internal.invokers.MethodInvocationHelper.invokeMethod(MethodInvocationHelper.java:141)
at org.testng.internal.invokers.TestInvoker.invokeMethod(TestInvoker.java:687)
at org.testng.internal.invokers.TestInvoker.invokeTestMethod(TestInvoker.java:230)
at org.testng.internal.invokers.MethodRunner.runInSequence(MethodRunner.java:63)
at org.testng.internal.invokers.TestInvoker$MethodInvocationAgent.invoke(TestInvoker.java:995)
at org.testng.internal.invokers.TestInvoker.invokeTestMethods(TestInvoker.java:203)
at org.testng.internal.invokers.TestMethodWorker.invokeTestMethods(TestMethodWorker.java:154)
at org.testng.internal.invokers.TestMethodWorker.run(TestMethodWorker.java:134)
at java.base/java.util.ArrayList.forEach(ArrayList.java:1597)
at org.testng.TestRunner.privateRun(TestRunner.java:741)
at org.testng.TestRunner.run(TestRunner.java:616)
at org.testng.SuiteRunner.runTest(SuiteRunner.java:421)
at org.testng.SuiteRunner.runSequentially(SuiteRunner.java:413)
at org.testng.SuiteRunner.privateRun(SuiteRunner.java:373)
at org.testng.SuiteRunner.run(SuiteRunner.java:312)
at org.testng.SuiteRunnerWorker.runSuite(SuiteRunnerWorker.java:52)
at org.testng.SuiteRunnerWorker.run(SuiteRunnerWorker.java:95)
at org.testng.TestNG.runSuitesSequentially(TestNG.java:1274)
at org.testng.TestNG.runSuitesLocally(TestNG.java:1208)
at org.testng.TestNG.runSuites(TestNG.java:1112)
at org.testng.TestNG.run(TestNG.java:1079)
at org.apache.maven.surefire.testng.TestNGExecutor.run(TestNGExecutor.java:308)
at org.apache.maven.surefire.testng.TestNGXmlTestSuite.execute(TestNGXmlTestSuite.java:71)
at org.apache.maven.surefire.testng.TestNGProvider.invoke(TestNGProvider.java:113)
at org.apache.maven.surefire.booter.ForkedBooter.runSuitesInProcess(ForkedBooter.java:385)
at org.apache.maven.surefire.booter.ForkedBooter.execute(ForkedBooter.java:162)
at org.apache.maven.surefire.booter.ForkedBooter.run(ForkedBooter.java:507)
at org.apache.maven.surefire.booter.ForkedBooter.main(ForkedBooter.java:495)
]]>
            </full-stacktrace>
          </exception> <!-- java.lang.AssertionError -->
          <reporter-output>
          </reporter-output>
        </test-method> <!-- testWithdrawSufficientFunds -->
      </class> <!-- org.example.MainTest -->
    </test> <!-- PositiveTests -->
  </suite> <!-- PositiveTestsSuite -->
</testng-results>
